{"contracts\\helpers\\ERC20Mock.sol":{"l":{"17":24,"18":24,"22":1},"path":"C:\\Users\\ihux3\\Desktop\\daomaker\\sho-vesting-contract\\contracts\\helpers\\ERC20Mock.sol","s":{"1":24,"2":1},"b":{},"f":{"1":24,"2":1},"fnMap":{"1":{"name":"constructor","line":16,"loc":{"start":{"line":10,"column":4},"end":{"line":19,"column":4}}},"2":{"name":"decimals","line":21,"loc":{"start":{"line":21,"column":4},"end":{"line":23,"column":4}}}},"statementMap":{"1":{"start":{"line":17,"column":8},"end":{"line":17,"column":44}},"2":{"start":{"line":22,"column":8},"end":{"line":22,"column":24}}},"branchMap":{}},"contracts\\SHOVesting.sol":{"l":{"97":33,"98":33,"108":8,"109":8,"111":8,"112":8,"113":8,"114":8,"115":8,"116":8,"118":8,"119":8,"120":8,"122":8,"124":8,"125":8,"126":8,"127":8,"128":8,"129":8,"130":8,"131":8,"132":8,"133":8,"135":8,"149":19,"150":15,"151":11,"153":7,"154":7,"156":7,"157":11,"158":11,"159":1,"160":1,"161":1,"164":10,"166":8,"167":8,"168":8,"170":8,"173":5,"174":5,"176":5,"177":4,"187":33,"189":33,"190":33,"191":32,"192":27,"194":25,"195":25,"196":13,"197":6,"200":18,"201":18,"202":18,"204":18,"205":14,"208":18,"209":18,"210":18,"212":18,"219":33,"228":4,"230":4,"231":4,"232":4,"233":3,"235":2,"236":2,"237":2,"239":2,"244":1,"245":1,"247":1,"249":1,"250":1,"252":1,"253":1,"254":1,"258":2,"259":1,"260":1,"270":16,"271":16,"272":15,"273":15,"274":14,"276":13,"277":13,"278":13,"279":13,"280":12,"281":11,"283":5,"284":5,"286":5,"287":5,"289":5,"290":5,"301":20,"302":20,"303":16,"305":16,"306":16,"307":16,"309":16,"310":16,"311":16,"313":16,"314":16,"315":16,"316":16,"323":77,"324":73,"325":30,"326":30,"333":245,"334":241,"335":241,"336":241,"338":241,"339":73,"344":1,"348":66,"354":95,"358":24,"362":16,"363":16,"364":16,"365":16,"366":48,"367":32,"369":48,"371":16},"path":"C:\\Users\\ihux3\\Desktop\\daomaker\\sho-vesting-contract\\contracts\\SHOVesting.sol","s":{"1":33,"2":8,"3":8,"4":8,"5":8,"6":8,"7":8,"8":8,"9":8,"10":8,"11":8,"12":8,"13":8,"14":19,"15":15,"16":11,"17":7,"18":7,"19":7,"20":11,"21":11,"22":10,"23":8,"24":5,"25":33,"26":33,"27":33,"28":32,"29":27,"30":25,"31":25,"32":13,"33":18,"34":18,"35":18,"36":18,"37":33,"38":4,"39":4,"40":4,"41":4,"42":3,"43":2,"44":2,"45":2,"46":2,"47":1,"48":1,"49":1,"50":1,"51":2,"52":1,"53":16,"54":16,"55":15,"56":15,"57":14,"58":13,"59":13,"60":13,"61":13,"62":12,"63":11,"64":5,"65":5,"66":5,"67":20,"68":20,"69":16,"70":16,"71":16,"72":16,"73":16,"74":16,"75":16,"76":77,"77":73,"78":30,"79":245,"80":241,"81":241,"82":241,"83":1,"84":66,"85":95,"86":24,"87":16,"88":16,"89":16,"90":16,"91":48,"92":16},"b":{"1":[33,0],"2":[8,4],"3":[8,0],"4":[8,0],"5":[8,0],"6":[8,0],"7":[8,0],"8":[8,0],"9":[8,0],"10":[8,0],"11":[19,4],"12":[15,4],"13":[11,4],"14":[7,4],"15":[1,10],"16":[8,2],"17":[4,1],"18":[33,0],"19":[33,0],"20":[32,1],"21":[27,5],"22":[25,2],"23":[13,12],"24":[6,7],"25":[4,14],"26":[14,4],"27":[4,0],"28":[4,0],"29":[3,1],"30":[2,1],"31":[1,1],"32":[1,1],"33":[16,1],"34":[15,1],"35":[14,1],"36":[13,1],"37":[1,12],"38":[12,1],"39":[11,1],"40":[5,6],"41":[20,0],"42":[16,4],"43":[8,8],"44":[30,43],"45":[241,4],"46":[32,16]},"f":{"1":33,"2":8,"3":19,"4":33,"5":33,"6":4,"7":16,"8":20,"9":77,"10":245,"11":1,"12":66,"13":95,"14":24,"15":16},"fnMap":{"1":{"name":"onlyWhitelistedUser","line":96,"loc":{"start":{"line":96,"column":4},"end":{"line":99,"column":4}}},"2":{"name":"init","line":107,"loc":{"start":{"line":105,"column":4},"end":{"line":136,"column":4}}},"3":{"name":"whitelistUsers","line":148,"loc":{"start":{"line":144,"column":4},"end":{"line":179,"column":4}}},"4":{"name":"claimUser1","line":186,"loc":{"start":{"line":186,"column":4},"end":{"line":213,"column":4}}},"5":{"name":"claimUser1","line":218,"loc":{"start":{"line":218,"column":4},"end":{"line":220,"column":4}}},"6":{"name":"refund","line":227,"loc":{"start":{"line":227,"column":4},"end":{"line":262,"column":4}}},"7":{"name":"eliminateUsers1","line":269,"loc":{"start":{"line":269,"column":4},"end":{"line":292,"column":4}}},"8":{"name":"collectFees","line":300,"loc":{"start":{"line":300,"column":4},"end":{"line":317,"column":4}}},"9":{"name":"update","line":322,"loc":{"start":{"line":322,"column":4},"end":{"line":328,"column":4}}},"10":{"name":"getPassedUnlocksCount","line":332,"loc":{"start":{"line":332,"column":4},"end":{"line":341,"column":4}}},"11":{"name":"getRefundAmount","line":343,"loc":{"start":{"line":343,"column":4},"end":{"line":345,"column":4}}},"12":{"name":"getTotalUnlocksCount","line":347,"loc":{"start":{"line":347,"column":4},"end":{"line":349,"column":4}}},"13":{"name":"_applyPercentage","line":353,"loc":{"start":{"line":353,"column":4},"end":{"line":355,"column":4}}},"14":{"name":"_applyBaseFee","line":357,"loc":{"start":{"line":357,"column":4},"end":{"line":359,"column":4}}},"15":{"name":"_buildArraySum","line":361,"loc":{"start":{"line":361,"column":4},"end":{"line":372,"column":4}}}},"statementMap":{"1":{"start":{"line":97,"column":8},"end":{"line":97,"column":81}},"2":{"start":{"line":108,"column":8},"end":{"line":108,"column":31}},"3":{"start":{"line":109,"column":8},"end":{"line":109,"column":23}},"4":{"start":{"line":111,"column":8},"end":{"line":111,"column":92}},"5":{"start":{"line":112,"column":8},"end":{"line":112,"column":91}},"6":{"start":{"line":113,"column":8},"end":{"line":113,"column":125}},"7":{"start":{"line":114,"column":8},"end":{"line":114,"column":114}},"8":{"start":{"line":115,"column":8},"end":{"line":115,"column":91}},"9":{"start":{"line":116,"column":8},"end":{"line":116,"column":94}},"10":{"start":{"line":118,"column":8},"end":{"line":118,"column":89}},"11":{"start":{"line":119,"column":8},"end":{"line":119,"column":81}},"12":{"start":{"line":120,"column":8},"end":{"line":120,"column":126}},"13":{"start":{"line":122,"column":8},"end":{"line":122,"column":84}},"14":{"start":{"line":149,"column":8},"end":{"line":149,"column":83}},"15":{"start":{"line":150,"column":8},"end":{"line":150,"column":74}},"16":{"start":{"line":151,"column":8},"end":{"line":151,"column":97}},"17":{"start":{"line":153,"column":8},"end":{"line":153,"column":39}},"18":{"start":{"line":154,"column":8},"end":{"line":154,"column":38}},"19":{"start":{"line":156,"column":8},"end":{"line":156,"column":5876}},"20":{"start":{"line":157,"column":12},"end":{"line":157,"column":50}},"21":{"start":{"line":158,"column":12},"end":{"line":158,"column":5995}},"22":{"start":{"line":164,"column":12},"end":{"line":164,"column":90}},"23":{"start":{"line":170,"column":12},"end":{"line":170,"column":60}},"24":{"start":{"line":176,"column":8},"end":{"line":176,"column":6684}},"25":{"start":{"line":187,"column":8},"end":{"line":187,"column":15}},"26":{"start":{"line":189,"column":8},"end":{"line":189,"column":46}},"27":{"start":{"line":190,"column":8},"end":{"line":190,"column":71}},"28":{"start":{"line":191,"column":8},"end":{"line":191,"column":93}},"29":{"start":{"line":192,"column":8},"end":{"line":192,"column":54}},"30":{"start":{"line":194,"column":8},"end":{"line":194,"column":53}},"31":{"start":{"line":195,"column":8},"end":{"line":195,"column":7479}},"32":{"start":{"line":196,"column":12},"end":{"line":196,"column":105}},"33":{"start":{"line":200,"column":8},"end":{"line":200,"column":120}},"34":{"start":{"line":204,"column":8},"end":{"line":204,"column":8006}},"35":{"start":{"line":210,"column":8},"end":{"line":210,"column":56}},"36":{"start":{"line":212,"column":8},"end":{"line":212,"column":61}},"37":{"start":{"line":219,"column":8},"end":{"line":219,"column":37}},"38":{"start":{"line":228,"column":8},"end":{"line":228,"column":15}},"39":{"start":{"line":230,"column":8},"end":{"line":230,"column":47}},"40":{"start":{"line":231,"column":8},"end":{"line":231,"column":56}},"41":{"start":{"line":232,"column":8},"end":{"line":232,"column":75}},"42":{"start":{"line":233,"column":8},"end":{"line":233,"column":64}},"43":{"start":{"line":235,"column":8},"end":{"line":235,"column":9089}},"44":{"start":{"line":236,"column":12},"end":{"line":236,"column":50}},"45":{"start":{"line":237,"column":12},"end":{"line":237,"column":51}},"46":{"start":{"line":239,"column":12},"end":{"line":239,"column":9264}},"47":{"start":{"line":247,"column":16},"end":{"line":247,"column":68}},"48":{"start":{"line":249,"column":16},"end":{"line":249,"column":65}},"49":{"start":{"line":250,"column":16},"end":{"line":250,"column":62}},"50":{"start":{"line":254,"column":16},"end":{"line":254,"column":54}},"51":{"start":{"line":258,"column":8},"end":{"line":258,"column":9925}},"52":{"start":{"line":260,"column":12},"end":{"line":260,"column":89}},"53":{"start":{"line":270,"column":8},"end":{"line":270,"column":15}},"54":{"start":{"line":271,"column":8},"end":{"line":271,"column":71}},"55":{"start":{"line":272,"column":8},"end":{"line":272,"column":53}},"56":{"start":{"line":273,"column":8},"end":{"line":273,"column":102}},"57":{"start":{"line":274,"column":8},"end":{"line":274,"column":87}},"58":{"start":{"line":276,"column":8},"end":{"line":276,"column":10787}},"59":{"start":{"line":277,"column":12},"end":{"line":277,"column":50}},"60":{"start":{"line":278,"column":12},"end":{"line":278,"column":50}},"61":{"start":{"line":279,"column":12},"end":{"line":279,"column":70}},"62":{"start":{"line":280,"column":12},"end":{"line":280,"column":58}},"63":{"start":{"line":281,"column":12},"end":{"line":281,"column":85}},"64":{"start":{"line":283,"column":12},"end":{"line":283,"column":67}},"65":{"start":{"line":284,"column":12},"end":{"line":284,"column":102}},"66":{"start":{"line":290,"column":12},"end":{"line":290,"column":60}},"67":{"start":{"line":301,"column":8},"end":{"line":301,"column":15}},"68":{"start":{"line":302,"column":8},"end":{"line":302,"column":96}},"69":{"start":{"line":303,"column":8},"end":{"line":303,"column":53}},"70":{"start":{"line":305,"column":8},"end":{"line":305,"column":122}},"71":{"start":{"line":306,"column":8},"end":{"line":306,"column":133}},"72":{"start":{"line":309,"column":8},"end":{"line":309,"column":118}},"73":{"start":{"line":313,"column":8},"end":{"line":313,"column":45}},"74":{"start":{"line":315,"column":8},"end":{"line":315,"column":52}},"75":{"start":{"line":316,"column":8},"end":{"line":316,"column":61}},"76":{"start":{"line":323,"column":8},"end":{"line":323,"column":60}},"77":{"start":{"line":324,"column":8},"end":{"line":324,"column":13247}},"78":{"start":{"line":326,"column":12},"end":{"line":326,"column":44}},"79":{"start":{"line":333,"column":8},"end":{"line":333,"column":76}},"80":{"start":{"line":334,"column":8},"end":{"line":334,"column":60}},"81":{"start":{"line":335,"column":8},"end":{"line":335,"column":50}},"82":{"start":{"line":338,"column":8},"end":{"line":338,"column":13796}},"83":{"start":{"line":344,"column":8},"end":{"line":344,"column":92}},"84":{"start":{"line":348,"column":8},"end":{"line":348,"column":47}},"85":{"start":{"line":354,"column":8},"end":{"line":354,"column":69}},"86":{"start":{"line":358,"column":8},"end":{"line":358,"column":66}},"87":{"start":{"line":362,"column":8},"end":{"line":362,"column":38}},"88":{"start":{"line":363,"column":8},"end":{"line":363,"column":52}},"89":{"start":{"line":364,"column":8},"end":{"line":364,"column":26}},"90":{"start":{"line":365,"column":8},"end":{"line":365,"column":14887}},"91":{"start":{"line":366,"column":12},"end":{"line":366,"column":14936}},"92":{"start":{"line":371,"column":8},"end":{"line":371,"column":23}}},"branchMap":{"1":{"line":97,"type":"if","locations":[{"start":{"line":97,"column":8},"end":{"line":97,"column":8}},{"start":{"line":97,"column":8},"end":{"line":97,"column":8}}]},"2":{"line":107,"type":"if","locations":[{"start":{"line":107,"column":15},"end":{"line":107,"column":15}},{"start":{"line":107,"column":15},"end":{"line":107,"column":15}}]},"3":{"line":111,"type":"if","locations":[{"start":{"line":111,"column":8},"end":{"line":111,"column":8}},{"start":{"line":111,"column":8},"end":{"line":111,"column":8}}]},"4":{"line":112,"type":"if","locations":[{"start":{"line":112,"column":8},"end":{"line":112,"column":8}},{"start":{"line":112,"column":8},"end":{"line":112,"column":8}}]},"5":{"line":113,"type":"if","locations":[{"start":{"line":113,"column":8},"end":{"line":113,"column":8}},{"start":{"line":113,"column":8},"end":{"line":113,"column":8}}]},"6":{"line":114,"type":"if","locations":[{"start":{"line":114,"column":8},"end":{"line":114,"column":8}},{"start":{"line":114,"column":8},"end":{"line":114,"column":8}}]},"7":{"line":115,"type":"if","locations":[{"start":{"line":115,"column":8},"end":{"line":115,"column":8}},{"start":{"line":115,"column":8},"end":{"line":115,"column":8}}]},"8":{"line":116,"type":"if","locations":[{"start":{"line":116,"column":8},"end":{"line":116,"column":8}},{"start":{"line":116,"column":8},"end":{"line":116,"column":8}}]},"9":{"line":120,"type":"if","locations":[{"start":{"line":120,"column":8},"end":{"line":120,"column":8}},{"start":{"line":120,"column":8},"end":{"line":120,"column":8}}]},"10":{"line":122,"type":"if","locations":[{"start":{"line":122,"column":8},"end":{"line":122,"column":8}},{"start":{"line":122,"column":8},"end":{"line":122,"column":8}}]},"11":{"line":148,"type":"if","locations":[{"start":{"line":148,"column":15},"end":{"line":148,"column":15}},{"start":{"line":148,"column":15},"end":{"line":148,"column":15}}]},"12":{"line":149,"type":"if","locations":[{"start":{"line":149,"column":8},"end":{"line":149,"column":8}},{"start":{"line":149,"column":8},"end":{"line":149,"column":8}}]},"13":{"line":150,"type":"if","locations":[{"start":{"line":150,"column":8},"end":{"line":150,"column":8}},{"start":{"line":150,"column":8},"end":{"line":150,"column":8}}]},"14":{"line":151,"type":"if","locations":[{"start":{"line":151,"column":8},"end":{"line":151,"column":8}},{"start":{"line":151,"column":8},"end":{"line":151,"column":8}}]},"15":{"line":158,"type":"if","locations":[{"start":{"line":158,"column":12},"end":{"line":158,"column":12}},{"start":{"line":158,"column":12},"end":{"line":158,"column":12}}]},"16":{"line":164,"type":"if","locations":[{"start":{"line":164,"column":12},"end":{"line":164,"column":12}},{"start":{"line":164,"column":12},"end":{"line":164,"column":12}}]},"17":{"line":176,"type":"if","locations":[{"start":{"line":176,"column":8},"end":{"line":176,"column":8}},{"start":{"line":176,"column":8},"end":{"line":176,"column":8}}]},"18":{"line":186,"type":"if","locations":[{"start":{"line":186,"column":45},"end":{"line":186,"column":45}},{"start":{"line":186,"column":45},"end":{"line":186,"column":45}}]},"19":{"line":186,"type":"if","locations":[{"start":{"line":186,"column":85},"end":{"line":186,"column":85}},{"start":{"line":186,"column":85},"end":{"line":186,"column":85}}]},"20":{"line":190,"type":"if","locations":[{"start":{"line":190,"column":8},"end":{"line":190,"column":8}},{"start":{"line":190,"column":8},"end":{"line":190,"column":8}}]},"21":{"line":191,"type":"if","locations":[{"start":{"line":191,"column":8},"end":{"line":191,"column":8}},{"start":{"line":191,"column":8},"end":{"line":191,"column":8}}]},"22":{"line":192,"type":"if","locations":[{"start":{"line":192,"column":8},"end":{"line":192,"column":8}},{"start":{"line":192,"column":8},"end":{"line":192,"column":8}}]},"23":{"line":195,"type":"if","locations":[{"start":{"line":195,"column":8},"end":{"line":195,"column":8}},{"start":{"line":195,"column":8},"end":{"line":195,"column":8}}]},"24":{"line":196,"type":"if","locations":[{"start":{"line":196,"column":12},"end":{"line":196,"column":12}},{"start":{"line":196,"column":12},"end":{"line":196,"column":12}}]},"25":{"line":200,"type":"if","locations":[{"start":{"line":200,"column":69},"end":{"line":200,"column":115}},{"start":{"line":200,"column":119},"end":{"line":200,"column":119}}]},"26":{"line":204,"type":"if","locations":[{"start":{"line":204,"column":8},"end":{"line":204,"column":8}},{"start":{"line":204,"column":8},"end":{"line":204,"column":8}}]},"27":{"line":227,"type":"if","locations":[{"start":{"line":227,"column":63},"end":{"line":227,"column":63}},{"start":{"line":227,"column":63},"end":{"line":227,"column":63}}]},"28":{"line":231,"type":"if","locations":[{"start":{"line":231,"column":8},"end":{"line":231,"column":8}},{"start":{"line":231,"column":8},"end":{"line":231,"column":8}}]},"29":{"line":232,"type":"if","locations":[{"start":{"line":232,"column":8},"end":{"line":232,"column":8}},{"start":{"line":232,"column":8},"end":{"line":232,"column":8}}]},"30":{"line":233,"type":"if","locations":[{"start":{"line":233,"column":8},"end":{"line":233,"column":8}},{"start":{"line":233,"column":8},"end":{"line":233,"column":8}}]},"31":{"line":239,"type":"if","locations":[{"start":{"line":239,"column":12},"end":{"line":239,"column":12}},{"start":{"line":239,"column":12},"end":{"line":239,"column":12}}]},"32":{"line":258,"type":"if","locations":[{"start":{"line":258,"column":8},"end":{"line":258,"column":8}},{"start":{"line":258,"column":8},"end":{"line":258,"column":8}}]},"33":{"line":269,"type":"if","locations":[{"start":{"line":269,"column":72},"end":{"line":269,"column":72}},{"start":{"line":269,"column":72},"end":{"line":269,"column":72}}]},"34":{"line":271,"type":"if","locations":[{"start":{"line":271,"column":8},"end":{"line":271,"column":8}},{"start":{"line":271,"column":8},"end":{"line":271,"column":8}}]},"35":{"line":273,"type":"if","locations":[{"start":{"line":273,"column":8},"end":{"line":273,"column":8}},{"start":{"line":273,"column":8},"end":{"line":273,"column":8}}]},"36":{"line":274,"type":"if","locations":[{"start":{"line":274,"column":8},"end":{"line":274,"column":8}},{"start":{"line":274,"column":8},"end":{"line":274,"column":8}}]},"37":{"line":274,"type":"cond-expr","locations":[{"start":{"line":274,"column":16},"end":{"line":274,"column":30}},{"start":{"line":274,"column":35},"end":{"line":274,"column":50}}]},"38":{"line":279,"type":"if","locations":[{"start":{"line":279,"column":12},"end":{"line":279,"column":12}},{"start":{"line":279,"column":12},"end":{"line":279,"column":12}}]},"39":{"line":280,"type":"if","locations":[{"start":{"line":280,"column":12},"end":{"line":280,"column":12}},{"start":{"line":280,"column":12},"end":{"line":280,"column":12}}]},"40":{"line":281,"type":"if","locations":[{"start":{"line":281,"column":12},"end":{"line":281,"column":12}},{"start":{"line":281,"column":12},"end":{"line":281,"column":12}}]},"41":{"line":300,"type":"if","locations":[{"start":{"line":300,"column":36},"end":{"line":300,"column":36}},{"start":{"line":300,"column":36},"end":{"line":300,"column":36}}]},"42":{"line":302,"type":"if","locations":[{"start":{"line":302,"column":8},"end":{"line":302,"column":8}},{"start":{"line":302,"column":8},"end":{"line":302,"column":8}}]},"43":{"line":305,"type":"if","locations":[{"start":{"line":305,"column":70},"end":{"line":305,"column":117}},{"start":{"line":305,"column":121},"end":{"line":305,"column":121}}]},"44":{"line":324,"type":"if","locations":[{"start":{"line":324,"column":8},"end":{"line":324,"column":8}},{"start":{"line":324,"column":8},"end":{"line":324,"column":8}}]},"45":{"line":333,"type":"if","locations":[{"start":{"line":333,"column":8},"end":{"line":333,"column":8}},{"start":{"line":333,"column":8},"end":{"line":333,"column":8}}]},"46":{"line":366,"type":"if","locations":[{"start":{"line":366,"column":12},"end":{"line":366,"column":12}},{"start":{"line":366,"column":12},"end":{"line":366,"column":12}}]}}},"contracts\\SHOVestingFactory.sol":{"l":{"21":12,"28":8,"29":8,"30":8,"32":8},"path":"C:\\Users\\ihux3\\Desktop\\daomaker\\sho-vesting-contract\\contracts\\SHOVestingFactory.sol","s":{"1":8,"2":8,"3":8},"b":{},"f":{"1":12,"2":8},"fnMap":{"1":{"name":"constructor","line":20,"loc":{"start":{"line":20,"column":4},"end":{"line":22,"column":4}}},"2":{"name":"deploy","line":24,"loc":{"start":{"line":24,"column":4},"end":{"line":37,"column":4}}}},"statementMap":{"1":{"start":{"line":29,"column":8},"end":{"line":29,"column":30}},"2":{"start":{"line":30,"column":8},"end":{"line":30,"column":47}},"3":{"start":{"line":32,"column":8},"end":{"line":32,"column":886}}},"branchMap":{}},"contracts\\SHOView.sol":{"l":{"10":242,"17":242,"18":242,"19":242,"20":242,"24":132,"25":132,"30":0,"31":0,"32":0,"37":1,"38":1,"39":2,"40":2,"45":0,"46":0,"47":0,"48":0,"53":154,"54":154,"70":22,"71":22,"72":22,"73":22,"74":22,"75":22,"77":22,"78":22,"79":15,"84":22,"85":22,"87":22,"88":22,"89":20,"91":20,"93":20,"94":2,"95":2,"98":18,"99":11,"102":18,"103":18,"107":22,"108":22,"110":22,"111":22,"113":20,"114":20,"115":11,"116":11,"118":9,"123":22,"124":22,"126":22,"127":22,"128":15,"130":15,"131":15,"132":1,"133":1,"136":14,"137":7,"139":7,"140":7,"145":22,"146":22,"148":22,"149":22,"150":15,"152":15,"153":15,"154":1,"155":1,"158":14,"159":7,"161":7,"162":7,"167":22,"168":22,"170":22,"171":22,"172":20,"174":20,"175":20,"176":2,"177":2,"180":18,"181":18,"182":18,"183":18,"187":22,"188":22,"190":22,"191":22,"192":20,"194":20,"195":20,"196":2,"197":2,"200":18,"201":18,"202":18,"203":18,"207":79,"211":158},"path":"C:\\Users\\ihux3\\Desktop\\daomaker\\sho-vesting-contract\\contracts\\SHOView.sol","s":{"1":242,"2":132,"3":0,"4":1,"5":2,"6":0,"7":0,"8":154,"9":22,"10":22,"11":22,"12":22,"13":22,"14":22,"15":2,"16":20,"17":20,"18":20,"19":2,"20":18,"21":22,"22":22,"23":22,"24":22,"25":2,"26":20,"27":20,"28":22,"29":22,"30":22,"31":22,"32":7,"33":15,"34":15,"35":15,"36":1,"37":14,"38":22,"39":22,"40":22,"41":22,"42":7,"43":15,"44":15,"45":15,"46":1,"47":14,"48":22,"49":22,"50":22,"51":22,"52":2,"53":20,"54":20,"55":20,"56":2,"57":18,"58":22,"59":22,"60":22,"61":22,"62":2,"63":20,"64":20,"65":20,"66":2,"67":18,"68":79,"69":158},"b":{"1":[132,0],"2":[154,0],"3":[15,7],"4":[22,0],"5":[2,20],"6":[2,18],"7":[11,7],"8":[22,0],"9":[2,20],"10":[11,9],"11":[22,0],"12":[7,15],"13":[13,2],"14":[1,14],"15":[7,7],"16":[22,0],"17":[7,15],"18":[13,2],"19":[1,14],"20":[7,7],"21":[22,0],"22":[2,20],"23":[2,18],"24":[11,7],"25":[11,7],"26":[22,0],"27":[2,20],"28":[2,18],"29":[11,7],"30":[11,7]},"f":{"1":242,"2":132,"3":0,"4":1,"5":0,"6":154,"7":22,"8":22,"9":22,"10":22,"11":22,"12":22,"13":22,"14":79,"15":158},"fnMap":{"1":{"name":"_loadUser1","line":9,"loc":{"start":{"line":9,"column":4},"end":{"line":21,"column":4}}},"2":{"name":"getUserOption","line":23,"loc":{"start":{"line":23,"column":4},"end":{"line":27,"column":4}}},"3":{"name":"getUserOptions","line":29,"loc":{"start":{"line":29,"column":4},"end":{"line":34,"column":4}}},"4":{"name":"areEliminated","line":36,"loc":{"start":{"line":36,"column":4},"end":{"line":42,"column":4}}},"5":{"name":"areRefunded","line":44,"loc":{"start":{"line":44,"column":4},"end":{"line":50,"column":4}}},"6":{"name":"getPassedUnlocksCount","line":52,"loc":{"start":{"line":52,"column":4},"end":{"line":56,"column":4}}},"7":{"name":"getUserInfo","line":58,"loc":{"start":{"line":58,"column":4},"end":{"line":81,"column":4}}},"8":{"name":"getUserTotalUnlocked","line":83,"loc":{"start":{"line":83,"column":4},"end":{"line":104,"column":4}}},"9":{"name":"getUserTotalClaimed","line":106,"loc":{"start":{"line":106,"column":4},"end":{"line":120,"column":4}}},"10":{"name":"getUserUpcomingClaimable","line":122,"loc":{"start":{"line":122,"column":4},"end":{"line":142,"column":4}}},"11":{"name":"getUserVested","line":144,"loc":{"start":{"line":144,"column":4},"end":{"line":164,"column":4}}},"12":{"name":"getUserMinClaimable","line":166,"loc":{"start":{"line":166,"column":4},"end":{"line":184,"column":4}}},"13":{"name":"getUserMaxClaimable","line":186,"loc":{"start":{"line":186,"column":4},"end":{"line":204,"column":4}}},"14":{"name":"_applyBaseFee","line":206,"loc":{"start":{"line":206,"column":4},"end":{"line":208,"column":4}}},"15":{"name":"_applyPercentage","line":210,"loc":{"start":{"line":210,"column":4},"end":{"line":212,"column":4}}}},"statementMap":{"1":{"start":{"line":10,"column":8},"end":{"line":10,"column":330}},"2":{"start":{"line":24,"column":8},"end":{"line":24,"column":813}},"3":{"start":{"line":31,"column":8},"end":{"line":31,"column":1126}},"4":{"start":{"line":38,"column":8},"end":{"line":38,"column":1479}},"5":{"start":{"line":39,"column":12},"end":{"line":39,"column":85}},"6":{"start":{"line":46,"column":8},"end":{"line":46,"column":1890}},"7":{"start":{"line":47,"column":12},"end":{"line":47,"column":71}},"8":{"start":{"line":53,"column":8},"end":{"line":53,"column":2194}},"9":{"start":{"line":77,"column":8},"end":{"line":77,"column":70}},"10":{"start":{"line":78,"column":8},"end":{"line":78,"column":3195}},"11":{"start":{"line":84,"column":8},"end":{"line":84,"column":66}},"12":{"start":{"line":85,"column":8},"end":{"line":85,"column":31}},"13":{"start":{"line":87,"column":8},"end":{"line":87,"column":70}},"14":{"start":{"line":88,"column":8},"end":{"line":88,"column":45}},"15":{"start":{"line":88,"column":37},"end":{"line":88,"column":45}},"16":{"start":{"line":89,"column":8},"end":{"line":89,"column":53}},"17":{"start":{"line":91,"column":8},"end":{"line":91,"column":74}},"18":{"start":{"line":93,"column":8},"end":{"line":93,"column":3885}},"19":{"start":{"line":95,"column":12},"end":{"line":95,"column":32}},"20":{"start":{"line":98,"column":8},"end":{"line":98,"column":3995}},"21":{"start":{"line":107,"column":8},"end":{"line":107,"column":66}},"22":{"start":{"line":108,"column":8},"end":{"line":108,"column":31}},"23":{"start":{"line":110,"column":8},"end":{"line":110,"column":70}},"24":{"start":{"line":111,"column":8},"end":{"line":111,"column":45}},"25":{"start":{"line":111,"column":37},"end":{"line":111,"column":45}},"26":{"start":{"line":113,"column":8},"end":{"line":113,"column":74}},"27":{"start":{"line":114,"column":8},"end":{"line":114,"column":4729}},"28":{"start":{"line":123,"column":8},"end":{"line":123,"column":66}},"29":{"start":{"line":124,"column":8},"end":{"line":124,"column":31}},"30":{"start":{"line":126,"column":8},"end":{"line":126,"column":70}},"31":{"start":{"line":127,"column":8},"end":{"line":127,"column":78}},"32":{"start":{"line":127,"column":70},"end":{"line":127,"column":78}},"33":{"start":{"line":128,"column":8},"end":{"line":128,"column":123}},"34":{"start":{"line":130,"column":8},"end":{"line":130,"column":74}},"35":{"start":{"line":131,"column":8},"end":{"line":131,"column":5636}},"36":{"start":{"line":133,"column":12},"end":{"line":133,"column":36}},"37":{"start":{"line":136,"column":8},"end":{"line":136,"column":5754}},"38":{"start":{"line":145,"column":8},"end":{"line":145,"column":66}},"39":{"start":{"line":146,"column":8},"end":{"line":146,"column":31}},"40":{"start":{"line":148,"column":8},"end":{"line":148,"column":70}},"41":{"start":{"line":149,"column":8},"end":{"line":149,"column":78}},"42":{"start":{"line":149,"column":70},"end":{"line":149,"column":78}},"43":{"start":{"line":150,"column":8},"end":{"line":150,"column":123}},"44":{"start":{"line":152,"column":8},"end":{"line":152,"column":74}},"45":{"start":{"line":153,"column":8},"end":{"line":153,"column":6685}},"46":{"start":{"line":155,"column":12},"end":{"line":155,"column":25}},"47":{"start":{"line":158,"column":8},"end":{"line":158,"column":6781}},"48":{"start":{"line":167,"column":8},"end":{"line":167,"column":66}},"49":{"start":{"line":168,"column":8},"end":{"line":168,"column":31}},"50":{"start":{"line":170,"column":8},"end":{"line":170,"column":70}},"51":{"start":{"line":171,"column":8},"end":{"line":171,"column":45}},"52":{"start":{"line":171,"column":37},"end":{"line":171,"column":45}},"53":{"start":{"line":172,"column":8},"end":{"line":172,"column":53}},"54":{"start":{"line":174,"column":8},"end":{"line":174,"column":74}},"55":{"start":{"line":175,"column":8},"end":{"line":175,"column":7535}},"56":{"start":{"line":177,"column":12},"end":{"line":177,"column":31}},"57":{"start":{"line":180,"column":8},"end":{"line":180,"column":132}},"58":{"start":{"line":187,"column":8},"end":{"line":187,"column":66}},"59":{"start":{"line":188,"column":8},"end":{"line":188,"column":31}},"60":{"start":{"line":190,"column":8},"end":{"line":190,"column":70}},"61":{"start":{"line":191,"column":8},"end":{"line":191,"column":45}},"62":{"start":{"line":191,"column":37},"end":{"line":191,"column":45}},"63":{"start":{"line":192,"column":8},"end":{"line":192,"column":53}},"64":{"start":{"line":194,"column":8},"end":{"line":194,"column":74}},"65":{"start":{"line":195,"column":8},"end":{"line":195,"column":8573}},"66":{"start":{"line":197,"column":12},"end":{"line":197,"column":31}},"67":{"start":{"line":200,"column":8},"end":{"line":200,"column":132}},"68":{"start":{"line":207,"column":8},"end":{"line":207,"column":80}},"69":{"start":{"line":211,"column":8},"end":{"line":211,"column":69}}},"branchMap":{"1":{"line":24,"type":"if","locations":[{"start":{"line":24,"column":8},"end":{"line":24,"column":8}},{"start":{"line":24,"column":8},"end":{"line":24,"column":8}}]},"2":{"line":53,"type":"if","locations":[{"start":{"line":53,"column":8},"end":{"line":53,"column":8}},{"start":{"line":53,"column":8},"end":{"line":53,"column":8}}]},"3":{"line":78,"type":"if","locations":[{"start":{"line":78,"column":8},"end":{"line":78,"column":8}},{"start":{"line":78,"column":8},"end":{"line":78,"column":8}}]},"4":{"line":85,"type":"if","locations":[{"start":{"line":85,"column":8},"end":{"line":85,"column":8}},{"start":{"line":85,"column":8},"end":{"line":85,"column":8}}]},"5":{"line":88,"type":"if","locations":[{"start":{"line":88,"column":8},"end":{"line":88,"column":8}},{"start":{"line":88,"column":8},"end":{"line":88,"column":8}}]},"6":{"line":93,"type":"if","locations":[{"start":{"line":93,"column":8},"end":{"line":93,"column":8}},{"start":{"line":93,"column":8},"end":{"line":93,"column":8}}]},"7":{"line":98,"type":"if","locations":[{"start":{"line":98,"column":8},"end":{"line":98,"column":8}},{"start":{"line":98,"column":8},"end":{"line":98,"column":8}}]},"8":{"line":108,"type":"if","locations":[{"start":{"line":108,"column":8},"end":{"line":108,"column":8}},{"start":{"line":108,"column":8},"end":{"line":108,"column":8}}]},"9":{"line":111,"type":"if","locations":[{"start":{"line":111,"column":8},"end":{"line":111,"column":8}},{"start":{"line":111,"column":8},"end":{"line":111,"column":8}}]},"10":{"line":114,"type":"if","locations":[{"start":{"line":114,"column":8},"end":{"line":114,"column":8}},{"start":{"line":114,"column":8},"end":{"line":114,"column":8}}]},"11":{"line":124,"type":"if","locations":[{"start":{"line":124,"column":8},"end":{"line":124,"column":8}},{"start":{"line":124,"column":8},"end":{"line":124,"column":8}}]},"12":{"line":127,"type":"if","locations":[{"start":{"line":127,"column":8},"end":{"line":127,"column":8}},{"start":{"line":127,"column":8},"end":{"line":127,"column":8}}]},"13":{"line":128,"type":"if","locations":[{"start":{"line":128,"column":66},"end":{"line":128,"column":118}},{"start":{"line":128,"column":122},"end":{"line":128,"column":122}}]},"14":{"line":131,"type":"if","locations":[{"start":{"line":131,"column":8},"end":{"line":131,"column":8}},{"start":{"line":131,"column":8},"end":{"line":131,"column":8}}]},"15":{"line":136,"type":"if","locations":[{"start":{"line":136,"column":8},"end":{"line":136,"column":8}},{"start":{"line":136,"column":8},"end":{"line":136,"column":8}}]},"16":{"line":146,"type":"if","locations":[{"start":{"line":146,"column":8},"end":{"line":146,"column":8}},{"start":{"line":146,"column":8},"end":{"line":146,"column":8}}]},"17":{"line":149,"type":"if","locations":[{"start":{"line":149,"column":8},"end":{"line":149,"column":8}},{"start":{"line":149,"column":8},"end":{"line":149,"column":8}}]},"18":{"line":150,"type":"if","locations":[{"start":{"line":150,"column":66},"end":{"line":150,"column":118}},{"start":{"line":150,"column":122},"end":{"line":150,"column":122}}]},"19":{"line":153,"type":"if","locations":[{"start":{"line":153,"column":8},"end":{"line":153,"column":8}},{"start":{"line":153,"column":8},"end":{"line":153,"column":8}}]},"20":{"line":158,"type":"if","locations":[{"start":{"line":158,"column":8},"end":{"line":158,"column":8}},{"start":{"line":158,"column":8},"end":{"line":158,"column":8}}]},"21":{"line":168,"type":"if","locations":[{"start":{"line":168,"column":8},"end":{"line":168,"column":8}},{"start":{"line":168,"column":8},"end":{"line":168,"column":8}}]},"22":{"line":171,"type":"if","locations":[{"start":{"line":171,"column":8},"end":{"line":171,"column":8}},{"start":{"line":171,"column":8},"end":{"line":171,"column":8}}]},"23":{"line":175,"type":"if","locations":[{"start":{"line":175,"column":8},"end":{"line":175,"column":8}},{"start":{"line":175,"column":8},"end":{"line":175,"column":8}}]},"24":{"line":180,"type":"if","locations":[{"start":{"line":180,"column":69},"end":{"line":180,"column":127}},{"start":{"line":180,"column":131},"end":{"line":180,"column":131}}]},"25":{"line":181,"type":"if","locations":[{"start":{"line":181,"column":57},"end":{"line":181,"column":86}},{"start":{"line":181,"column":90},"end":{"line":181,"column":102}}]},"26":{"line":188,"type":"if","locations":[{"start":{"line":188,"column":8},"end":{"line":188,"column":8}},{"start":{"line":188,"column":8},"end":{"line":188,"column":8}}]},"27":{"line":191,"type":"if","locations":[{"start":{"line":191,"column":8},"end":{"line":191,"column":8}},{"start":{"line":191,"column":8},"end":{"line":191,"column":8}}]},"28":{"line":195,"type":"if","locations":[{"start":{"line":195,"column":8},"end":{"line":195,"column":8}},{"start":{"line":195,"column":8},"end":{"line":195,"column":8}}]},"29":{"line":200,"type":"if","locations":[{"start":{"line":200,"column":69},"end":{"line":200,"column":127}},{"start":{"line":200,"column":131},"end":{"line":200,"column":131}}]},"30":{"line":201,"type":"if","locations":[{"start":{"line":201,"column":57},"end":{"line":201,"column":86}},{"start":{"line":201,"column":90},"end":{"line":201,"column":102}}]}}}}