{"contracts\\helpers\\ERC20Mock.sol":{"l":{"17":9,"18":9,"22":0},"path":"C:\\Users\\ihux3\\Desktop\\daomaker\\sho-vesting-contract\\contracts\\helpers\\ERC20Mock.sol","s":{"1":9,"2":0},"b":{},"f":{"1":9,"2":0},"fnMap":{"1":{"name":"constructor","line":16,"loc":{"start":{"line":10,"column":4},"end":{"line":19,"column":4}}},"2":{"name":"decimals","line":21,"loc":{"start":{"line":21,"column":4},"end":{"line":23,"column":4}}}},"statementMap":{"1":{"start":{"line":17,"column":8},"end":{"line":17,"column":44}},"2":{"start":{"line":22,"column":8},"end":{"line":22,"column":24}}},"branchMap":{}},"contracts\\SHOVesting.sol":{"l":{"97":26,"98":26,"108":6,"109":6,"111":6,"112":6,"113":6,"114":6,"115":6,"116":6,"118":6,"119":6,"120":6,"122":6,"124":6,"125":6,"126":6,"127":6,"128":6,"129":6,"130":6,"131":6,"132":6,"133":6,"135":6,"149":15,"150":12,"151":9,"153":6,"154":6,"156":6,"157":9,"158":9,"159":1,"160":1,"161":1,"164":8,"166":6,"167":6,"168":6,"170":6,"173":4,"174":4,"176":4,"177":3,"187":26,"189":26,"190":26,"191":25,"192":21,"194":21,"195":21,"196":13,"197":6,"200":14,"201":14,"202":14,"204":14,"205":12,"208":14,"209":14,"210":14,"212":14,"219":26,"228":0,"230":0,"231":0,"232":0,"233":0,"235":0,"236":0,"237":0,"239":0,"244":0,"245":0,"247":0,"249":0,"250":0,"252":0,"253":0,"254":0,"258":0,"259":0,"260":0,"270":14,"271":14,"272":13,"273":13,"274":12,"276":12,"277":12,"278":12,"279":12,"280":11,"281":11,"283":5,"284":5,"286":5,"287":5,"289":5,"290":5,"301":16,"302":16,"303":12,"305":12,"306":12,"307":12,"309":12,"310":12,"311":12,"313":12,"314":12,"315":12,"316":12,"323":59,"324":56,"325":25,"326":25,"333":211,"334":208,"335":208,"336":208,"338":208,"339":68,"344":0,"348":60,"354":75,"358":20,"362":12,"363":12,"364":12,"365":12,"366":40,"367":28,"369":40,"371":12},"path":"C:\\Users\\ihux3\\Desktop\\daomaker\\sho-vesting-contract\\contracts\\SHOVesting.sol","s":{"1":26,"2":6,"3":6,"4":6,"5":6,"6":6,"7":6,"8":6,"9":6,"10":6,"11":6,"12":6,"13":6,"14":15,"15":12,"16":9,"17":6,"18":6,"19":6,"20":9,"21":9,"22":8,"23":6,"24":4,"25":26,"26":26,"27":26,"28":25,"29":21,"30":21,"31":21,"32":13,"33":14,"34":14,"35":14,"36":14,"37":26,"38":0,"39":0,"40":0,"41":0,"42":0,"43":0,"44":0,"45":0,"46":0,"47":0,"48":0,"49":0,"50":0,"51":0,"52":0,"53":14,"54":14,"55":13,"56":13,"57":12,"58":12,"59":12,"60":12,"61":12,"62":11,"63":11,"64":5,"65":5,"66":5,"67":16,"68":16,"69":12,"70":12,"71":12,"72":12,"73":12,"74":12,"75":12,"76":59,"77":56,"78":25,"79":211,"80":208,"81":208,"82":208,"83":0,"84":60,"85":75,"86":20,"87":12,"88":12,"89":12,"90":12,"91":40,"92":12},"b":{"1":[26,0],"2":[6,3],"3":[6,0],"4":[6,0],"5":[6,0],"6":[6,0],"7":[6,0],"8":[6,0],"9":[6,0],"10":[6,0],"11":[15,3],"12":[12,3],"13":[9,3],"14":[6,3],"15":[1,8],"16":[6,2],"17":[3,1],"18":[26,0],"19":[26,0],"20":[25,1],"21":[21,4],"22":[21,0],"23":[13,8],"24":[6,7],"25":[2,12],"26":[12,2],"27":[0,0],"28":[0,0],"29":[0,0],"30":[0,0],"31":[0,0],"32":[0,0],"33":[14,1],"34":[13,1],"35":[12,1],"36":[12,0],"37":[0,12],"38":[11,1],"39":[11,0],"40":[5,6],"41":[16,0],"42":[12,4],"43":[6,6],"44":[25,31],"45":[208,3],"46":[28,12]},"f":{"1":26,"2":6,"3":15,"4":26,"5":26,"6":0,"7":14,"8":16,"9":59,"10":211,"11":0,"12":60,"13":75,"14":20,"15":12},"fnMap":{"1":{"name":"onlyWhitelistedUser","line":96,"loc":{"start":{"line":96,"column":4},"end":{"line":99,"column":4}}},"2":{"name":"init","line":107,"loc":{"start":{"line":105,"column":4},"end":{"line":136,"column":4}}},"3":{"name":"whitelistUsers","line":148,"loc":{"start":{"line":144,"column":4},"end":{"line":179,"column":4}}},"4":{"name":"claimUser1","line":186,"loc":{"start":{"line":186,"column":4},"end":{"line":213,"column":4}}},"5":{"name":"claimUser1","line":218,"loc":{"start":{"line":218,"column":4},"end":{"line":220,"column":4}}},"6":{"name":"refund","line":227,"loc":{"start":{"line":227,"column":4},"end":{"line":262,"column":4}}},"7":{"name":"eliminateUsers1","line":269,"loc":{"start":{"line":269,"column":4},"end":{"line":292,"column":4}}},"8":{"name":"collectFees","line":300,"loc":{"start":{"line":300,"column":4},"end":{"line":317,"column":4}}},"9":{"name":"update","line":322,"loc":{"start":{"line":322,"column":4},"end":{"line":328,"column":4}}},"10":{"name":"getPassedUnlocksCount","line":332,"loc":{"start":{"line":332,"column":4},"end":{"line":341,"column":4}}},"11":{"name":"getRefundAmount","line":343,"loc":{"start":{"line":343,"column":4},"end":{"line":345,"column":4}}},"12":{"name":"getTotalUnlocksCount","line":347,"loc":{"start":{"line":347,"column":4},"end":{"line":349,"column":4}}},"13":{"name":"_applyPercentage","line":353,"loc":{"start":{"line":353,"column":4},"end":{"line":355,"column":4}}},"14":{"name":"_applyBaseFee","line":357,"loc":{"start":{"line":357,"column":4},"end":{"line":359,"column":4}}},"15":{"name":"_buildArraySum","line":361,"loc":{"start":{"line":361,"column":4},"end":{"line":372,"column":4}}}},"statementMap":{"1":{"start":{"line":97,"column":8},"end":{"line":97,"column":81}},"2":{"start":{"line":108,"column":8},"end":{"line":108,"column":31}},"3":{"start":{"line":109,"column":8},"end":{"line":109,"column":23}},"4":{"start":{"line":111,"column":8},"end":{"line":111,"column":92}},"5":{"start":{"line":112,"column":8},"end":{"line":112,"column":91}},"6":{"start":{"line":113,"column":8},"end":{"line":113,"column":125}},"7":{"start":{"line":114,"column":8},"end":{"line":114,"column":114}},"8":{"start":{"line":115,"column":8},"end":{"line":115,"column":91}},"9":{"start":{"line":116,"column":8},"end":{"line":116,"column":94}},"10":{"start":{"line":118,"column":8},"end":{"line":118,"column":89}},"11":{"start":{"line":119,"column":8},"end":{"line":119,"column":81}},"12":{"start":{"line":120,"column":8},"end":{"line":120,"column":126}},"13":{"start":{"line":122,"column":8},"end":{"line":122,"column":84}},"14":{"start":{"line":149,"column":8},"end":{"line":149,"column":83}},"15":{"start":{"line":150,"column":8},"end":{"line":150,"column":74}},"16":{"start":{"line":151,"column":8},"end":{"line":151,"column":97}},"17":{"start":{"line":153,"column":8},"end":{"line":153,"column":39}},"18":{"start":{"line":154,"column":8},"end":{"line":154,"column":38}},"19":{"start":{"line":156,"column":8},"end":{"line":156,"column":5876}},"20":{"start":{"line":157,"column":12},"end":{"line":157,"column":50}},"21":{"start":{"line":158,"column":12},"end":{"line":158,"column":5995}},"22":{"start":{"line":164,"column":12},"end":{"line":164,"column":90}},"23":{"start":{"line":170,"column":12},"end":{"line":170,"column":60}},"24":{"start":{"line":176,"column":8},"end":{"line":176,"column":6684}},"25":{"start":{"line":187,"column":8},"end":{"line":187,"column":15}},"26":{"start":{"line":189,"column":8},"end":{"line":189,"column":46}},"27":{"start":{"line":190,"column":8},"end":{"line":190,"column":71}},"28":{"start":{"line":191,"column":8},"end":{"line":191,"column":93}},"29":{"start":{"line":192,"column":8},"end":{"line":192,"column":54}},"30":{"start":{"line":194,"column":8},"end":{"line":194,"column":53}},"31":{"start":{"line":195,"column":8},"end":{"line":195,"column":7479}},"32":{"start":{"line":196,"column":12},"end":{"line":196,"column":105}},"33":{"start":{"line":200,"column":8},"end":{"line":200,"column":120}},"34":{"start":{"line":204,"column":8},"end":{"line":204,"column":8006}},"35":{"start":{"line":210,"column":8},"end":{"line":210,"column":56}},"36":{"start":{"line":212,"column":8},"end":{"line":212,"column":61}},"37":{"start":{"line":219,"column":8},"end":{"line":219,"column":37}},"38":{"start":{"line":228,"column":8},"end":{"line":228,"column":15}},"39":{"start":{"line":230,"column":8},"end":{"line":230,"column":47}},"40":{"start":{"line":231,"column":8},"end":{"line":231,"column":56}},"41":{"start":{"line":232,"column":8},"end":{"line":232,"column":75}},"42":{"start":{"line":233,"column":8},"end":{"line":233,"column":64}},"43":{"start":{"line":235,"column":8},"end":{"line":235,"column":9089}},"44":{"start":{"line":236,"column":12},"end":{"line":236,"column":50}},"45":{"start":{"line":237,"column":12},"end":{"line":237,"column":50}},"46":{"start":{"line":239,"column":12},"end":{"line":239,"column":9263}},"47":{"start":{"line":247,"column":16},"end":{"line":247,"column":68}},"48":{"start":{"line":249,"column":16},"end":{"line":249,"column":65}},"49":{"start":{"line":250,"column":16},"end":{"line":250,"column":62}},"50":{"start":{"line":254,"column":16},"end":{"line":254,"column":54}},"51":{"start":{"line":258,"column":8},"end":{"line":258,"column":9924}},"52":{"start":{"line":260,"column":12},"end":{"line":260,"column":89}},"53":{"start":{"line":270,"column":8},"end":{"line":270,"column":15}},"54":{"start":{"line":271,"column":8},"end":{"line":271,"column":71}},"55":{"start":{"line":272,"column":8},"end":{"line":272,"column":53}},"56":{"start":{"line":273,"column":8},"end":{"line":273,"column":102}},"57":{"start":{"line":274,"column":8},"end":{"line":274,"column":80}},"58":{"start":{"line":276,"column":8},"end":{"line":276,"column":10779}},"59":{"start":{"line":277,"column":12},"end":{"line":277,"column":50}},"60":{"start":{"line":278,"column":12},"end":{"line":278,"column":50}},"61":{"start":{"line":279,"column":12},"end":{"line":279,"column":70}},"62":{"start":{"line":280,"column":12},"end":{"line":280,"column":58}},"63":{"start":{"line":281,"column":12},"end":{"line":281,"column":85}},"64":{"start":{"line":283,"column":12},"end":{"line":283,"column":67}},"65":{"start":{"line":284,"column":12},"end":{"line":284,"column":102}},"66":{"start":{"line":290,"column":12},"end":{"line":290,"column":60}},"67":{"start":{"line":301,"column":8},"end":{"line":301,"column":15}},"68":{"start":{"line":302,"column":8},"end":{"line":302,"column":96}},"69":{"start":{"line":303,"column":8},"end":{"line":303,"column":53}},"70":{"start":{"line":305,"column":8},"end":{"line":305,"column":122}},"71":{"start":{"line":306,"column":8},"end":{"line":306,"column":133}},"72":{"start":{"line":309,"column":8},"end":{"line":309,"column":118}},"73":{"start":{"line":313,"column":8},"end":{"line":313,"column":45}},"74":{"start":{"line":315,"column":8},"end":{"line":315,"column":52}},"75":{"start":{"line":316,"column":8},"end":{"line":316,"column":61}},"76":{"start":{"line":323,"column":8},"end":{"line":323,"column":60}},"77":{"start":{"line":324,"column":8},"end":{"line":324,"column":13239}},"78":{"start":{"line":326,"column":12},"end":{"line":326,"column":44}},"79":{"start":{"line":333,"column":8},"end":{"line":333,"column":76}},"80":{"start":{"line":334,"column":8},"end":{"line":334,"column":60}},"81":{"start":{"line":335,"column":8},"end":{"line":335,"column":50}},"82":{"start":{"line":338,"column":8},"end":{"line":338,"column":13788}},"83":{"start":{"line":344,"column":8},"end":{"line":344,"column":92}},"84":{"start":{"line":348,"column":8},"end":{"line":348,"column":47}},"85":{"start":{"line":354,"column":8},"end":{"line":354,"column":69}},"86":{"start":{"line":358,"column":8},"end":{"line":358,"column":66}},"87":{"start":{"line":362,"column":8},"end":{"line":362,"column":38}},"88":{"start":{"line":363,"column":8},"end":{"line":363,"column":52}},"89":{"start":{"line":364,"column":8},"end":{"line":364,"column":26}},"90":{"start":{"line":365,"column":8},"end":{"line":365,"column":14879}},"91":{"start":{"line":366,"column":12},"end":{"line":366,"column":14928}},"92":{"start":{"line":371,"column":8},"end":{"line":371,"column":23}}},"branchMap":{"1":{"line":97,"type":"if","locations":[{"start":{"line":97,"column":8},"end":{"line":97,"column":8}},{"start":{"line":97,"column":8},"end":{"line":97,"column":8}}]},"2":{"line":107,"type":"if","locations":[{"start":{"line":107,"column":15},"end":{"line":107,"column":15}},{"start":{"line":107,"column":15},"end":{"line":107,"column":15}}]},"3":{"line":111,"type":"if","locations":[{"start":{"line":111,"column":8},"end":{"line":111,"column":8}},{"start":{"line":111,"column":8},"end":{"line":111,"column":8}}]},"4":{"line":112,"type":"if","locations":[{"start":{"line":112,"column":8},"end":{"line":112,"column":8}},{"start":{"line":112,"column":8},"end":{"line":112,"column":8}}]},"5":{"line":113,"type":"if","locations":[{"start":{"line":113,"column":8},"end":{"line":113,"column":8}},{"start":{"line":113,"column":8},"end":{"line":113,"column":8}}]},"6":{"line":114,"type":"if","locations":[{"start":{"line":114,"column":8},"end":{"line":114,"column":8}},{"start":{"line":114,"column":8},"end":{"line":114,"column":8}}]},"7":{"line":115,"type":"if","locations":[{"start":{"line":115,"column":8},"end":{"line":115,"column":8}},{"start":{"line":115,"column":8},"end":{"line":115,"column":8}}]},"8":{"line":116,"type":"if","locations":[{"start":{"line":116,"column":8},"end":{"line":116,"column":8}},{"start":{"line":116,"column":8},"end":{"line":116,"column":8}}]},"9":{"line":120,"type":"if","locations":[{"start":{"line":120,"column":8},"end":{"line":120,"column":8}},{"start":{"line":120,"column":8},"end":{"line":120,"column":8}}]},"10":{"line":122,"type":"if","locations":[{"start":{"line":122,"column":8},"end":{"line":122,"column":8}},{"start":{"line":122,"column":8},"end":{"line":122,"column":8}}]},"11":{"line":148,"type":"if","locations":[{"start":{"line":148,"column":15},"end":{"line":148,"column":15}},{"start":{"line":148,"column":15},"end":{"line":148,"column":15}}]},"12":{"line":149,"type":"if","locations":[{"start":{"line":149,"column":8},"end":{"line":149,"column":8}},{"start":{"line":149,"column":8},"end":{"line":149,"column":8}}]},"13":{"line":150,"type":"if","locations":[{"start":{"line":150,"column":8},"end":{"line":150,"column":8}},{"start":{"line":150,"column":8},"end":{"line":150,"column":8}}]},"14":{"line":151,"type":"if","locations":[{"start":{"line":151,"column":8},"end":{"line":151,"column":8}},{"start":{"line":151,"column":8},"end":{"line":151,"column":8}}]},"15":{"line":158,"type":"if","locations":[{"start":{"line":158,"column":12},"end":{"line":158,"column":12}},{"start":{"line":158,"column":12},"end":{"line":158,"column":12}}]},"16":{"line":164,"type":"if","locations":[{"start":{"line":164,"column":12},"end":{"line":164,"column":12}},{"start":{"line":164,"column":12},"end":{"line":164,"column":12}}]},"17":{"line":176,"type":"if","locations":[{"start":{"line":176,"column":8},"end":{"line":176,"column":8}},{"start":{"line":176,"column":8},"end":{"line":176,"column":8}}]},"18":{"line":186,"type":"if","locations":[{"start":{"line":186,"column":45},"end":{"line":186,"column":45}},{"start":{"line":186,"column":45},"end":{"line":186,"column":45}}]},"19":{"line":186,"type":"if","locations":[{"start":{"line":186,"column":85},"end":{"line":186,"column":85}},{"start":{"line":186,"column":85},"end":{"line":186,"column":85}}]},"20":{"line":190,"type":"if","locations":[{"start":{"line":190,"column":8},"end":{"line":190,"column":8}},{"start":{"line":190,"column":8},"end":{"line":190,"column":8}}]},"21":{"line":191,"type":"if","locations":[{"start":{"line":191,"column":8},"end":{"line":191,"column":8}},{"start":{"line":191,"column":8},"end":{"line":191,"column":8}}]},"22":{"line":192,"type":"if","locations":[{"start":{"line":192,"column":8},"end":{"line":192,"column":8}},{"start":{"line":192,"column":8},"end":{"line":192,"column":8}}]},"23":{"line":195,"type":"if","locations":[{"start":{"line":195,"column":8},"end":{"line":195,"column":8}},{"start":{"line":195,"column":8},"end":{"line":195,"column":8}}]},"24":{"line":196,"type":"if","locations":[{"start":{"line":196,"column":12},"end":{"line":196,"column":12}},{"start":{"line":196,"column":12},"end":{"line":196,"column":12}}]},"25":{"line":200,"type":"if","locations":[{"start":{"line":200,"column":69},"end":{"line":200,"column":115}},{"start":{"line":200,"column":119},"end":{"line":200,"column":119}}]},"26":{"line":204,"type":"if","locations":[{"start":{"line":204,"column":8},"end":{"line":204,"column":8}},{"start":{"line":204,"column":8},"end":{"line":204,"column":8}}]},"27":{"line":227,"type":"if","locations":[{"start":{"line":227,"column":63},"end":{"line":227,"column":63}},{"start":{"line":227,"column":63},"end":{"line":227,"column":63}}]},"28":{"line":231,"type":"if","locations":[{"start":{"line":231,"column":8},"end":{"line":231,"column":8}},{"start":{"line":231,"column":8},"end":{"line":231,"column":8}}]},"29":{"line":232,"type":"if","locations":[{"start":{"line":232,"column":8},"end":{"line":232,"column":8}},{"start":{"line":232,"column":8},"end":{"line":232,"column":8}}]},"30":{"line":233,"type":"if","locations":[{"start":{"line":233,"column":8},"end":{"line":233,"column":8}},{"start":{"line":233,"column":8},"end":{"line":233,"column":8}}]},"31":{"line":239,"type":"if","locations":[{"start":{"line":239,"column":12},"end":{"line":239,"column":12}},{"start":{"line":239,"column":12},"end":{"line":239,"column":12}}]},"32":{"line":258,"type":"if","locations":[{"start":{"line":258,"column":8},"end":{"line":258,"column":8}},{"start":{"line":258,"column":8},"end":{"line":258,"column":8}}]},"33":{"line":269,"type":"if","locations":[{"start":{"line":269,"column":72},"end":{"line":269,"column":72}},{"start":{"line":269,"column":72},"end":{"line":269,"column":72}}]},"34":{"line":271,"type":"if","locations":[{"start":{"line":271,"column":8},"end":{"line":271,"column":8}},{"start":{"line":271,"column":8},"end":{"line":271,"column":8}}]},"35":{"line":273,"type":"if","locations":[{"start":{"line":273,"column":8},"end":{"line":273,"column":8}},{"start":{"line":273,"column":8},"end":{"line":273,"column":8}}]},"36":{"line":274,"type":"if","locations":[{"start":{"line":274,"column":8},"end":{"line":274,"column":8}},{"start":{"line":274,"column":8},"end":{"line":274,"column":8}}]},"37":{"line":274,"type":"cond-expr","locations":[{"start":{"line":274,"column":16},"end":{"line":274,"column":30}},{"start":{"line":274,"column":35},"end":{"line":274,"column":50}}]},"38":{"line":279,"type":"if","locations":[{"start":{"line":279,"column":12},"end":{"line":279,"column":12}},{"start":{"line":279,"column":12},"end":{"line":279,"column":12}}]},"39":{"line":280,"type":"if","locations":[{"start":{"line":280,"column":12},"end":{"line":280,"column":12}},{"start":{"line":280,"column":12},"end":{"line":280,"column":12}}]},"40":{"line":281,"type":"if","locations":[{"start":{"line":281,"column":12},"end":{"line":281,"column":12}},{"start":{"line":281,"column":12},"end":{"line":281,"column":12}}]},"41":{"line":300,"type":"if","locations":[{"start":{"line":300,"column":36},"end":{"line":300,"column":36}},{"start":{"line":300,"column":36},"end":{"line":300,"column":36}}]},"42":{"line":302,"type":"if","locations":[{"start":{"line":302,"column":8},"end":{"line":302,"column":8}},{"start":{"line":302,"column":8},"end":{"line":302,"column":8}}]},"43":{"line":305,"type":"if","locations":[{"start":{"line":305,"column":70},"end":{"line":305,"column":117}},{"start":{"line":305,"column":121},"end":{"line":305,"column":121}}]},"44":{"line":324,"type":"if","locations":[{"start":{"line":324,"column":8},"end":{"line":324,"column":8}},{"start":{"line":324,"column":8},"end":{"line":324,"column":8}}]},"45":{"line":333,"type":"if","locations":[{"start":{"line":333,"column":8},"end":{"line":333,"column":8}},{"start":{"line":333,"column":8},"end":{"line":333,"column":8}}]},"46":{"line":366,"type":"if","locations":[{"start":{"line":366,"column":12},"end":{"line":366,"column":12}},{"start":{"line":366,"column":12},"end":{"line":366,"column":12}}]}}},"contracts\\SHOVestingFactory.sol":{"l":{"21":9,"28":6,"29":6,"30":6,"32":6},"path":"C:\\Users\\ihux3\\Desktop\\daomaker\\sho-vesting-contract\\contracts\\SHOVestingFactory.sol","s":{"1":6,"2":6,"3":6},"b":{},"f":{"1":9,"2":6},"fnMap":{"1":{"name":"constructor","line":20,"loc":{"start":{"line":20,"column":4},"end":{"line":22,"column":4}}},"2":{"name":"deploy","line":24,"loc":{"start":{"line":24,"column":4},"end":{"line":37,"column":4}}}},"statementMap":{"1":{"start":{"line":29,"column":8},"end":{"line":29,"column":30}},"2":{"start":{"line":30,"column":8},"end":{"line":30,"column":47}},"3":{"start":{"line":32,"column":8},"end":{"line":32,"column":886}}},"branchMap":{}},"contracts\\SHOView.sol":{"l":{"10":220,"17":220,"18":220,"19":220,"20":220,"24":120,"25":120,"30":0,"31":0,"32":0,"37":1,"38":1,"39":2,"40":2,"45":0,"46":0,"47":0,"48":0,"53":140,"54":140,"70":20,"71":20,"72":20,"73":20,"74":20,"75":20,"77":20,"78":20,"79":14,"84":20,"85":20,"87":20,"88":20,"89":18,"91":18,"93":18,"94":11,"97":18,"98":18,"102":20,"103":20,"105":20,"106":20,"108":18,"109":18,"110":11,"111":11,"113":7,"118":20,"119":20,"121":20,"122":20,"123":14,"125":14,"126":14,"127":7,"129":7,"130":7,"135":20,"136":20,"138":20,"139":20,"140":14,"142":14,"143":14,"144":7,"146":7,"147":7,"152":20,"153":20,"155":20,"156":20,"157":18,"159":18,"160":18,"161":18,"162":18,"163":18,"167":20,"168":20,"170":20,"171":20,"172":18,"174":18,"175":18,"176":18,"177":18,"178":18,"182":79,"186":158},"path":"C:\\Users\\ihux3\\Desktop\\daomaker\\sho-vesting-contract\\contracts\\SHOView.sol","s":{"1":220,"2":120,"3":0,"4":1,"5":2,"6":0,"7":0,"8":140,"9":20,"10":20,"11":20,"12":20,"13":20,"14":20,"15":2,"16":18,"17":18,"18":18,"19":20,"20":20,"21":20,"22":20,"23":2,"24":18,"25":18,"26":20,"27":20,"28":20,"29":20,"30":6,"31":14,"32":14,"33":14,"34":20,"35":20,"36":20,"37":20,"38":6,"39":14,"40":14,"41":14,"42":20,"43":20,"44":20,"45":20,"46":2,"47":18,"48":18,"49":18,"50":20,"51":20,"52":20,"53":20,"54":2,"55":18,"56":18,"57":18,"58":79,"59":158},"b":{"1":[120,0],"2":[140,0],"3":[14,6],"4":[20,0],"5":[2,18],"6":[11,7],"7":[20,0],"8":[2,18],"9":[11,7],"10":[20,0],"11":[6,14],"12":[12,2],"13":[7,7],"14":[20,0],"15":[6,14],"16":[12,2],"17":[7,7],"18":[20,0],"19":[2,18],"20":[11,7],"21":[11,7],"22":[20,0],"23":[2,18],"24":[11,7],"25":[11,7]},"f":{"1":220,"2":120,"3":0,"4":1,"5":0,"6":140,"7":20,"8":20,"9":20,"10":20,"11":20,"12":20,"13":20,"14":79,"15":158},"fnMap":{"1":{"name":"_loadUser1","line":9,"loc":{"start":{"line":9,"column":4},"end":{"line":21,"column":4}}},"2":{"name":"getUserOption","line":23,"loc":{"start":{"line":23,"column":4},"end":{"line":27,"column":4}}},"3":{"name":"getUserOptions","line":29,"loc":{"start":{"line":29,"column":4},"end":{"line":34,"column":4}}},"4":{"name":"areEliminated","line":36,"loc":{"start":{"line":36,"column":4},"end":{"line":42,"column":4}}},"5":{"name":"areRefunded","line":44,"loc":{"start":{"line":44,"column":4},"end":{"line":50,"column":4}}},"6":{"name":"getPassedUnlocksCount","line":52,"loc":{"start":{"line":52,"column":4},"end":{"line":56,"column":4}}},"7":{"name":"getUserInfo","line":58,"loc":{"start":{"line":58,"column":4},"end":{"line":81,"column":4}}},"8":{"name":"getUserTotalUnlocked","line":83,"loc":{"start":{"line":83,"column":4},"end":{"line":99,"column":4}}},"9":{"name":"getUserTotalClaimed","line":101,"loc":{"start":{"line":101,"column":4},"end":{"line":115,"column":4}}},"10":{"name":"getUserUpcomingClaimable","line":117,"loc":{"start":{"line":117,"column":4},"end":{"line":132,"column":4}}},"11":{"name":"getUserVested","line":134,"loc":{"start":{"line":134,"column":4},"end":{"line":149,"column":4}}},"12":{"name":"getUserMinClaimable","line":151,"loc":{"start":{"line":151,"column":4},"end":{"line":164,"column":4}}},"13":{"name":"getUserMaxClaimable","line":166,"loc":{"start":{"line":166,"column":4},"end":{"line":179,"column":4}}},"14":{"name":"_applyBaseFee","line":181,"loc":{"start":{"line":181,"column":4},"end":{"line":183,"column":4}}},"15":{"name":"_applyPercentage","line":185,"loc":{"start":{"line":185,"column":4},"end":{"line":187,"column":4}}}},"statementMap":{"1":{"start":{"line":10,"column":8},"end":{"line":10,"column":330}},"2":{"start":{"line":24,"column":8},"end":{"line":24,"column":813}},"3":{"start":{"line":31,"column":8},"end":{"line":31,"column":1126}},"4":{"start":{"line":38,"column":8},"end":{"line":38,"column":1479}},"5":{"start":{"line":39,"column":12},"end":{"line":39,"column":85}},"6":{"start":{"line":46,"column":8},"end":{"line":46,"column":1890}},"7":{"start":{"line":47,"column":12},"end":{"line":47,"column":71}},"8":{"start":{"line":53,"column":8},"end":{"line":53,"column":2194}},"9":{"start":{"line":77,"column":8},"end":{"line":77,"column":70}},"10":{"start":{"line":78,"column":8},"end":{"line":78,"column":3195}},"11":{"start":{"line":84,"column":8},"end":{"line":84,"column":66}},"12":{"start":{"line":85,"column":8},"end":{"line":85,"column":31}},"13":{"start":{"line":87,"column":8},"end":{"line":87,"column":70}},"14":{"start":{"line":88,"column":8},"end":{"line":88,"column":45}},"15":{"start":{"line":88,"column":37},"end":{"line":88,"column":45}},"16":{"start":{"line":89,"column":8},"end":{"line":89,"column":53}},"17":{"start":{"line":91,"column":8},"end":{"line":91,"column":74}},"18":{"start":{"line":93,"column":8},"end":{"line":93,"column":3885}},"19":{"start":{"line":102,"column":8},"end":{"line":102,"column":66}},"20":{"start":{"line":103,"column":8},"end":{"line":103,"column":31}},"21":{"start":{"line":105,"column":8},"end":{"line":105,"column":70}},"22":{"start":{"line":106,"column":8},"end":{"line":106,"column":45}},"23":{"start":{"line":106,"column":37},"end":{"line":106,"column":45}},"24":{"start":{"line":108,"column":8},"end":{"line":108,"column":74}},"25":{"start":{"line":109,"column":8},"end":{"line":109,"column":4619}},"26":{"start":{"line":118,"column":8},"end":{"line":118,"column":66}},"27":{"start":{"line":119,"column":8},"end":{"line":119,"column":31}},"28":{"start":{"line":121,"column":8},"end":{"line":121,"column":70}},"29":{"start":{"line":122,"column":8},"end":{"line":122,"column":78}},"30":{"start":{"line":122,"column":70},"end":{"line":122,"column":78}},"31":{"start":{"line":123,"column":8},"end":{"line":123,"column":123}},"32":{"start":{"line":125,"column":8},"end":{"line":125,"column":74}},"33":{"start":{"line":126,"column":8},"end":{"line":126,"column":5526}},"34":{"start":{"line":135,"column":8},"end":{"line":135,"column":66}},"35":{"start":{"line":136,"column":8},"end":{"line":136,"column":31}},"36":{"start":{"line":138,"column":8},"end":{"line":138,"column":70}},"37":{"start":{"line":139,"column":8},"end":{"line":139,"column":78}},"38":{"start":{"line":139,"column":70},"end":{"line":139,"column":78}},"39":{"start":{"line":140,"column":8},"end":{"line":140,"column":123}},"40":{"start":{"line":142,"column":8},"end":{"line":142,"column":74}},"41":{"start":{"line":143,"column":8},"end":{"line":143,"column":6457}},"42":{"start":{"line":152,"column":8},"end":{"line":152,"column":66}},"43":{"start":{"line":153,"column":8},"end":{"line":153,"column":31}},"44":{"start":{"line":155,"column":8},"end":{"line":155,"column":70}},"45":{"start":{"line":156,"column":8},"end":{"line":156,"column":45}},"46":{"start":{"line":156,"column":37},"end":{"line":156,"column":45}},"47":{"start":{"line":157,"column":8},"end":{"line":157,"column":53}},"48":{"start":{"line":159,"column":8},"end":{"line":159,"column":74}},"49":{"start":{"line":160,"column":8},"end":{"line":160,"column":132}},"50":{"start":{"line":167,"column":8},"end":{"line":167,"column":66}},"51":{"start":{"line":168,"column":8},"end":{"line":168,"column":31}},"52":{"start":{"line":170,"column":8},"end":{"line":170,"column":70}},"53":{"start":{"line":171,"column":8},"end":{"line":171,"column":45}},"54":{"start":{"line":171,"column":37},"end":{"line":171,"column":45}},"55":{"start":{"line":172,"column":8},"end":{"line":172,"column":53}},"56":{"start":{"line":174,"column":8},"end":{"line":174,"column":74}},"57":{"start":{"line":175,"column":8},"end":{"line":175,"column":132}},"58":{"start":{"line":182,"column":8},"end":{"line":182,"column":80}},"59":{"start":{"line":186,"column":8},"end":{"line":186,"column":69}}},"branchMap":{"1":{"line":24,"type":"if","locations":[{"start":{"line":24,"column":8},"end":{"line":24,"column":8}},{"start":{"line":24,"column":8},"end":{"line":24,"column":8}}]},"2":{"line":53,"type":"if","locations":[{"start":{"line":53,"column":8},"end":{"line":53,"column":8}},{"start":{"line":53,"column":8},"end":{"line":53,"column":8}}]},"3":{"line":78,"type":"if","locations":[{"start":{"line":78,"column":8},"end":{"line":78,"column":8}},{"start":{"line":78,"column":8},"end":{"line":78,"column":8}}]},"4":{"line":85,"type":"if","locations":[{"start":{"line":85,"column":8},"end":{"line":85,"column":8}},{"start":{"line":85,"column":8},"end":{"line":85,"column":8}}]},"5":{"line":88,"type":"if","locations":[{"start":{"line":88,"column":8},"end":{"line":88,"column":8}},{"start":{"line":88,"column":8},"end":{"line":88,"column":8}}]},"6":{"line":93,"type":"if","locations":[{"start":{"line":93,"column":8},"end":{"line":93,"column":8}},{"start":{"line":93,"column":8},"end":{"line":93,"column":8}}]},"7":{"line":103,"type":"if","locations":[{"start":{"line":103,"column":8},"end":{"line":103,"column":8}},{"start":{"line":103,"column":8},"end":{"line":103,"column":8}}]},"8":{"line":106,"type":"if","locations":[{"start":{"line":106,"column":8},"end":{"line":106,"column":8}},{"start":{"line":106,"column":8},"end":{"line":106,"column":8}}]},"9":{"line":109,"type":"if","locations":[{"start":{"line":109,"column":8},"end":{"line":109,"column":8}},{"start":{"line":109,"column":8},"end":{"line":109,"column":8}}]},"10":{"line":119,"type":"if","locations":[{"start":{"line":119,"column":8},"end":{"line":119,"column":8}},{"start":{"line":119,"column":8},"end":{"line":119,"column":8}}]},"11":{"line":122,"type":"if","locations":[{"start":{"line":122,"column":8},"end":{"line":122,"column":8}},{"start":{"line":122,"column":8},"end":{"line":122,"column":8}}]},"12":{"line":123,"type":"if","locations":[{"start":{"line":123,"column":66},"end":{"line":123,"column":118}},{"start":{"line":123,"column":122},"end":{"line":123,"column":122}}]},"13":{"line":126,"type":"if","locations":[{"start":{"line":126,"column":8},"end":{"line":126,"column":8}},{"start":{"line":126,"column":8},"end":{"line":126,"column":8}}]},"14":{"line":136,"type":"if","locations":[{"start":{"line":136,"column":8},"end":{"line":136,"column":8}},{"start":{"line":136,"column":8},"end":{"line":136,"column":8}}]},"15":{"line":139,"type":"if","locations":[{"start":{"line":139,"column":8},"end":{"line":139,"column":8}},{"start":{"line":139,"column":8},"end":{"line":139,"column":8}}]},"16":{"line":140,"type":"if","locations":[{"start":{"line":140,"column":66},"end":{"line":140,"column":118}},{"start":{"line":140,"column":122},"end":{"line":140,"column":122}}]},"17":{"line":143,"type":"if","locations":[{"start":{"line":143,"column":8},"end":{"line":143,"column":8}},{"start":{"line":143,"column":8},"end":{"line":143,"column":8}}]},"18":{"line":153,"type":"if","locations":[{"start":{"line":153,"column":8},"end":{"line":153,"column":8}},{"start":{"line":153,"column":8},"end":{"line":153,"column":8}}]},"19":{"line":156,"type":"if","locations":[{"start":{"line":156,"column":8},"end":{"line":156,"column":8}},{"start":{"line":156,"column":8},"end":{"line":156,"column":8}}]},"20":{"line":160,"type":"if","locations":[{"start":{"line":160,"column":69},"end":{"line":160,"column":127}},{"start":{"line":160,"column":131},"end":{"line":160,"column":131}}]},"21":{"line":161,"type":"if","locations":[{"start":{"line":161,"column":57},"end":{"line":161,"column":86}},{"start":{"line":161,"column":90},"end":{"line":161,"column":102}}]},"22":{"line":168,"type":"if","locations":[{"start":{"line":168,"column":8},"end":{"line":168,"column":8}},{"start":{"line":168,"column":8},"end":{"line":168,"column":8}}]},"23":{"line":171,"type":"if","locations":[{"start":{"line":171,"column":8},"end":{"line":171,"column":8}},{"start":{"line":171,"column":8},"end":{"line":171,"column":8}}]},"24":{"line":175,"type":"if","locations":[{"start":{"line":175,"column":69},"end":{"line":175,"column":127}},{"start":{"line":175,"column":131},"end":{"line":175,"column":131}}]},"25":{"line":176,"type":"if","locations":[{"start":{"line":176,"column":57},"end":{"line":176,"column":86}},{"start":{"line":176,"column":90},"end":{"line":176,"column":102}}]}}}}