TN:
SF:C:\Users\ihux3\Desktop\daomaker\sho-vesting-contract\contracts\helpers\BurnValley.sol
FNF:0
FNH:0
LF:0
LH:0
BRF:0
BRH:0
end_of_record
TN:
SF:C:\Users\ihux3\Desktop\daomaker\sho-vesting-contract\contracts\helpers\ERC20Mock.sol
FN:16,constructor
FN:21,decimals
FNF:2
FNH:1
FNDA:9,constructor
FNDA:0,decimals
DA:17,9
DA:18,9
DA:22,0
LF:3
LH:2
BRF:0
BRH:0
end_of_record
TN:
SF:C:\Users\ihux3\Desktop\daomaker\sho-vesting-contract\contracts\helpers\ERC20MockBurnable.sol
FN:16,constructor
FN:21,decimals
FNF:2
FNH:0
FNDA:0,constructor
FNDA:0,decimals
DA:17,0
DA:18,0
DA:22,0
LF:3
LH:0
BRF:0
BRH:0
end_of_record
TN:
SF:C:\Users\ihux3\Desktop\daomaker\sho-vesting-contract\contracts\SHOVesting.sol
FN:68,onlyWhitelistedUser
FN:89,init
FN:124,whitelistUsers
FN:162,claimUser1
FN:186,claimUser1
FN:195,eliminateUsers1
FN:223,collectFees
FN:249,update
FN:259,getPassedUnlocksCount
FN:270,getTotalUnlocksCount
FN:276,_applyPercentage
FN:280,_applyBaseFee
FN:284,_buildArraySum
FNF:13
FNH:13
FNDA:26,onlyWhitelistedUser
FNDA:6,init
FNDA:15,whitelistUsers
FNDA:26,claimUser1
FNDA:26,claimUser1
FNDA:14,eliminateUsers1
FNDA:16,collectFees
FNDA:59,update
FNDA:211,getPassedUnlocksCount
FNDA:60,getTotalUnlocksCount
FNDA:75,_applyPercentage
FNDA:20,_applyBaseFee
FNDA:12,_buildArraySum
DA:69,26
DA:70,26
DA:90,6
DA:91,6
DA:93,6
DA:94,6
DA:95,6
DA:96,6
DA:97,6
DA:98,6
DA:100,6
DA:101,6
DA:102,6
DA:104,6
DA:105,6
DA:106,6
DA:107,6
DA:108,6
DA:109,6
DA:111,6
DA:125,15
DA:126,12
DA:127,9
DA:129,6
DA:130,6
DA:131,6
DA:132,9
DA:133,9
DA:134,1
DA:135,1
DA:136,1
DA:139,8
DA:141,6
DA:142,6
DA:144,6
DA:150,4
DA:152,4
DA:153,3
DA:163,26
DA:165,26
DA:166,26
DA:167,25
DA:169,21
DA:170,21
DA:171,13
DA:172,6
DA:175,14
DA:176,14
DA:177,14
DA:179,14
DA:180,14
DA:181,14
DA:183,14
DA:187,26
DA:196,14
DA:197,14
DA:198,13
DA:199,13
DA:201,12
DA:202,12
DA:203,12
DA:204,12
DA:205,11
DA:207,5
DA:208,5
DA:210,5
DA:211,5
DA:213,5
DA:214,5
DA:224,16
DA:225,16
DA:226,12
DA:228,12
DA:229,12
DA:230,12
DA:232,12
DA:233,12
DA:234,12
DA:236,12
DA:237,12
DA:238,12
DA:239,12
DA:250,59
DA:251,56
DA:252,25
DA:253,25
DA:260,211
DA:261,208
DA:262,208
DA:263,208
DA:265,208
DA:266,68
DA:271,60
DA:277,75
DA:281,20
DA:285,12
DA:286,12
DA:287,12
DA:288,12
DA:289,40
DA:290,28
DA:292,40
DA:294,12
LF:103
LH:103
BRDA:69,1,0,26
BRDA:69,1,1,0
BRDA:89,2,0,6
BRDA:89,2,1,0
BRDA:93,3,0,6
BRDA:93,3,1,0
BRDA:94,4,0,6
BRDA:94,4,1,0
BRDA:95,5,0,6
BRDA:95,5,1,0
BRDA:96,6,0,6
BRDA:96,6,1,0
BRDA:97,7,0,6
BRDA:97,7,1,0
BRDA:98,8,0,6
BRDA:98,8,1,0
BRDA:102,9,0,6
BRDA:102,9,1,0
BRDA:124,10,0,15
BRDA:124,10,1,3
BRDA:125,11,0,12
BRDA:125,11,1,3
BRDA:126,12,0,9
BRDA:126,12,1,3
BRDA:127,13,0,6
BRDA:127,13,1,3
BRDA:133,14,0,1
BRDA:133,14,1,8
BRDA:139,15,0,6
BRDA:139,15,1,2
BRDA:152,16,0,3
BRDA:152,16,1,1
BRDA:162,17,0,26
BRDA:162,17,1,0
BRDA:162,18,0,26
BRDA:162,18,1,0
BRDA:166,19,0,25
BRDA:166,19,1,1
BRDA:167,20,0,21
BRDA:167,20,1,4
BRDA:170,21,0,13
BRDA:170,21,1,8
BRDA:171,22,0,6
BRDA:171,22,1,7
BRDA:175,23,0,2
BRDA:175,23,1,12
BRDA:195,24,0,14
BRDA:195,24,1,1
BRDA:197,25,0,13
BRDA:197,25,1,1
BRDA:199,26,0,12
BRDA:199,26,1,1
BRDA:204,27,0,11
BRDA:204,27,1,1
BRDA:205,28,0,5
BRDA:205,28,1,6
BRDA:223,29,0,16
BRDA:223,29,1,0
BRDA:225,30,0,12
BRDA:225,30,1,4
BRDA:228,31,0,6
BRDA:228,31,1,6
BRDA:251,32,0,25
BRDA:251,32,1,31
BRDA:260,33,0,208
BRDA:260,33,1,3
BRDA:289,34,0,28
BRDA:289,34,1,12
BRF:68
BRH:56
end_of_record
TN:
SF:C:\Users\ihux3\Desktop\daomaker\sho-vesting-contract\contracts\SHOVestingFactory.sol
FN:29,constructor
FN:33,deploy
FNF:2
FNH:2
FNDA:9,constructor
FNDA:6,deploy
DA:30,9
DA:37,6
DA:38,6
DA:46,6
DA:48,6
LF:5
LH:5
BRF:0
BRH:0
end_of_record
TN:
SF:C:\Users\ihux3\Desktop\daomaker\sho-vesting-contract\contracts\SHOView.sol
FN:9,_loadUser1
FN:21,getUserOption
FN:27,getUserOptions
FN:34,areEliminated
FN:42,getPassedUnlocksCount
FN:48,getUserInfo
FN:73,getUserTotalUnlocked
FN:91,getUserTotalClaimed
FN:107,getUserUpcomingClaimable
FN:124,getUserVested
FN:141,getUserMinClaimable
FN:156,getUserMaxClaimable
FN:171,_applyBaseFee
FN:175,_applyPercentage
FNF:14
FNH:13
FNDA:220,_loadUser1
FNDA:120,getUserOption
FNDA:0,getUserOptions
FNDA:1,areEliminated
FNDA:140,getPassedUnlocksCount
FNDA:20,getUserInfo
FNDA:20,getUserTotalUnlocked
FNDA:20,getUserTotalClaimed
FNDA:20,getUserUpcomingClaimable
FNDA:20,getUserVested
FNDA:20,getUserMinClaimable
FNDA:20,getUserMaxClaimable
FNDA:79,_applyBaseFee
FNDA:158,_applyPercentage
DA:10,220
DA:16,220
DA:17,220
DA:18,220
DA:22,120
DA:23,120
DA:28,0
DA:29,0
DA:30,0
DA:35,1
DA:36,1
DA:37,2
DA:38,2
DA:43,140
DA:44,140
DA:60,20
DA:61,20
DA:62,20
DA:63,20
DA:64,20
DA:65,20
DA:67,20
DA:68,20
DA:69,14
DA:74,20
DA:75,20
DA:77,20
DA:78,20
DA:79,18
DA:81,18
DA:83,18
DA:84,11
DA:87,18
DA:88,18
DA:92,20
DA:93,20
DA:95,20
DA:96,20
DA:98,18
DA:99,18
DA:100,11
DA:101,11
DA:103,7
DA:108,20
DA:109,20
DA:111,20
DA:112,20
DA:113,14
DA:115,14
DA:116,14
DA:117,7
DA:119,7
DA:120,7
DA:125,20
DA:126,20
DA:128,20
DA:129,20
DA:130,14
DA:132,14
DA:133,14
DA:134,7
DA:136,7
DA:137,7
DA:142,20
DA:143,20
DA:145,20
DA:146,20
DA:147,18
DA:149,18
DA:150,18
DA:151,18
DA:152,18
DA:153,18
DA:157,20
DA:158,20
DA:160,20
DA:161,20
DA:162,18
DA:164,18
DA:165,18
DA:166,18
DA:167,18
DA:168,18
DA:172,79
DA:176,158
LF:85
LH:82
BRDA:22,1,0,120
BRDA:22,1,1,0
BRDA:43,2,0,140
BRDA:43,2,1,0
BRDA:68,3,0,14
BRDA:68,3,1,6
BRDA:75,4,0,20
BRDA:75,4,1,0
BRDA:78,5,0,2
BRDA:78,5,1,18
BRDA:83,6,0,11
BRDA:83,6,1,7
BRDA:93,7,0,20
BRDA:93,7,1,0
BRDA:96,8,0,2
BRDA:96,8,1,18
BRDA:99,9,0,11
BRDA:99,9,1,7
BRDA:109,10,0,20
BRDA:109,10,1,0
BRDA:112,11,0,6
BRDA:112,11,1,14
BRDA:113,12,0,12
BRDA:113,12,1,2
BRDA:116,13,0,7
BRDA:116,13,1,7
BRDA:126,14,0,20
BRDA:126,14,1,0
BRDA:129,15,0,6
BRDA:129,15,1,14
BRDA:130,16,0,12
BRDA:130,16,1,2
BRDA:133,17,0,7
BRDA:133,17,1,7
BRDA:143,18,0,20
BRDA:143,18,1,0
BRDA:146,19,0,2
BRDA:146,19,1,18
BRDA:150,20,0,11
BRDA:150,20,1,7
BRDA:151,21,0,11
BRDA:151,21,1,7
BRDA:158,22,0,20
BRDA:158,22,1,0
BRDA:161,23,0,2
BRDA:161,23,1,18
BRDA:165,24,0,11
BRDA:165,24,1,7
BRDA:166,25,0,11
BRDA:166,25,1,7
BRF:50
BRH:42
end_of_record
