TN:
SF:C:\Users\ihux3\Desktop\daomaker\sho-vesting-contract\contracts\helpers\ERC20Mock.sol
FN:16,constructor
FN:21,decimals
FNF:2
FNH:1
FNDA:9,constructor
FNDA:0,decimals
DA:17,9
DA:18,9
DA:22,0
LF:3
LH:2
BRF:0
BRH:0
end_of_record
TN:
SF:C:\Users\ihux3\Desktop\daomaker\sho-vesting-contract\contracts\SHOVesting.sol
FN:96,onlyWhitelistedUser
FN:107,init
FN:148,whitelistUsers
FN:186,claimUser1
FN:218,claimUser1
FN:227,refund
FN:269,eliminateUsers1
FN:300,collectFees
FN:322,update
FN:332,getPassedUnlocksCount
FN:343,getRefundAmount
FN:347,getTotalUnlocksCount
FN:353,_applyPercentage
FN:357,_applyBaseFee
FN:361,_buildArraySum
FNF:15
FNH:13
FNDA:26,onlyWhitelistedUser
FNDA:6,init
FNDA:15,whitelistUsers
FNDA:26,claimUser1
FNDA:26,claimUser1
FNDA:0,refund
FNDA:14,eliminateUsers1
FNDA:16,collectFees
FNDA:59,update
FNDA:211,getPassedUnlocksCount
FNDA:0,getRefundAmount
FNDA:60,getTotalUnlocksCount
FNDA:75,_applyPercentage
FNDA:20,_applyBaseFee
FNDA:12,_buildArraySum
DA:97,26
DA:98,26
DA:108,6
DA:109,6
DA:111,6
DA:112,6
DA:113,6
DA:114,6
DA:115,6
DA:116,6
DA:118,6
DA:119,6
DA:120,6
DA:122,6
DA:124,6
DA:125,6
DA:126,6
DA:127,6
DA:128,6
DA:129,6
DA:130,6
DA:131,6
DA:132,6
DA:133,6
DA:135,6
DA:149,15
DA:150,12
DA:151,9
DA:153,6
DA:154,6
DA:156,6
DA:157,9
DA:158,9
DA:159,1
DA:160,1
DA:161,1
DA:164,8
DA:166,6
DA:167,6
DA:168,6
DA:170,6
DA:173,4
DA:174,4
DA:176,4
DA:177,3
DA:187,26
DA:189,26
DA:190,26
DA:191,25
DA:192,21
DA:194,21
DA:195,21
DA:196,13
DA:197,6
DA:200,14
DA:201,14
DA:202,14
DA:204,14
DA:205,12
DA:208,14
DA:209,14
DA:210,14
DA:212,14
DA:219,26
DA:228,0
DA:230,0
DA:231,0
DA:232,0
DA:233,0
DA:235,0
DA:236,0
DA:237,0
DA:239,0
DA:244,0
DA:245,0
DA:247,0
DA:249,0
DA:250,0
DA:252,0
DA:253,0
DA:254,0
DA:258,0
DA:259,0
DA:260,0
DA:270,14
DA:271,14
DA:272,13
DA:273,13
DA:274,12
DA:276,12
DA:277,12
DA:278,12
DA:279,12
DA:280,11
DA:281,11
DA:283,5
DA:284,5
DA:286,5
DA:287,5
DA:289,5
DA:290,5
DA:301,16
DA:302,16
DA:303,12
DA:305,12
DA:306,12
DA:307,12
DA:309,12
DA:310,12
DA:311,12
DA:313,12
DA:314,12
DA:315,12
DA:316,12
DA:323,59
DA:324,56
DA:325,25
DA:326,25
DA:333,211
DA:334,208
DA:335,208
DA:336,208
DA:338,208
DA:339,68
DA:344,0
DA:348,60
DA:354,75
DA:358,20
DA:362,12
DA:363,12
DA:364,12
DA:365,12
DA:366,40
DA:367,28
DA:369,40
DA:371,12
LF:136
LH:115
BRDA:97,1,0,26
BRDA:97,1,1,0
BRDA:107,2,0,6
BRDA:107,2,1,3
BRDA:111,3,0,6
BRDA:111,3,1,0
BRDA:112,4,0,6
BRDA:112,4,1,0
BRDA:113,5,0,6
BRDA:113,5,1,0
BRDA:114,6,0,6
BRDA:114,6,1,0
BRDA:115,7,0,6
BRDA:115,7,1,0
BRDA:116,8,0,6
BRDA:116,8,1,0
BRDA:120,9,0,6
BRDA:120,9,1,0
BRDA:122,10,0,6
BRDA:122,10,1,0
BRDA:148,11,0,15
BRDA:148,11,1,3
BRDA:149,12,0,12
BRDA:149,12,1,3
BRDA:150,13,0,9
BRDA:150,13,1,3
BRDA:151,14,0,6
BRDA:151,14,1,3
BRDA:158,15,0,1
BRDA:158,15,1,8
BRDA:164,16,0,6
BRDA:164,16,1,2
BRDA:176,17,0,3
BRDA:176,17,1,1
BRDA:186,18,0,26
BRDA:186,18,1,0
BRDA:186,19,0,26
BRDA:186,19,1,0
BRDA:190,20,0,25
BRDA:190,20,1,1
BRDA:191,21,0,21
BRDA:191,21,1,4
BRDA:192,22,0,21
BRDA:192,22,1,0
BRDA:195,23,0,13
BRDA:195,23,1,8
BRDA:196,24,0,6
BRDA:196,24,1,7
BRDA:200,25,0,2
BRDA:200,25,1,12
BRDA:204,26,0,12
BRDA:204,26,1,2
BRDA:227,27,0,0
BRDA:227,27,1,0
BRDA:231,28,0,0
BRDA:231,28,1,0
BRDA:232,29,0,0
BRDA:232,29,1,0
BRDA:233,30,0,0
BRDA:233,30,1,0
BRDA:239,31,0,0
BRDA:239,31,1,0
BRDA:258,32,0,0
BRDA:258,32,1,0
BRDA:269,33,0,14
BRDA:269,33,1,1
BRDA:271,34,0,13
BRDA:271,34,1,1
BRDA:273,35,0,12
BRDA:273,35,1,1
BRDA:274,36,0,12
BRDA:274,36,1,0
BRDA:274,37,0,0
BRDA:274,37,1,12
BRDA:279,38,0,11
BRDA:279,38,1,1
BRDA:280,39,0,11
BRDA:280,39,1,0
BRDA:281,40,0,5
BRDA:281,40,1,6
BRDA:300,41,0,16
BRDA:300,41,1,0
BRDA:302,42,0,12
BRDA:302,42,1,4
BRDA:305,43,0,6
BRDA:305,43,1,6
BRDA:324,44,0,25
BRDA:324,44,1,31
BRDA:333,45,0,208
BRDA:333,45,1,3
BRDA:366,46,0,28
BRDA:366,46,1,12
BRF:92
BRH:64
end_of_record
TN:
SF:C:\Users\ihux3\Desktop\daomaker\sho-vesting-contract\contracts\SHOVestingFactory.sol
FN:20,constructor
FN:24,deploy
FNF:2
FNH:2
FNDA:9,constructor
FNDA:6,deploy
DA:21,9
DA:28,6
DA:29,6
DA:30,6
DA:32,6
LF:5
LH:5
BRF:0
BRH:0
end_of_record
TN:
SF:C:\Users\ihux3\Desktop\daomaker\sho-vesting-contract\contracts\SHOView.sol
FN:9,_loadUser1
FN:23,getUserOption
FN:29,getUserOptions
FN:36,areEliminated
FN:44,areRefunded
FN:52,getPassedUnlocksCount
FN:58,getUserInfo
FN:83,getUserTotalUnlocked
FN:101,getUserTotalClaimed
FN:117,getUserUpcomingClaimable
FN:134,getUserVested
FN:151,getUserMinClaimable
FN:166,getUserMaxClaimable
FN:181,_applyBaseFee
FN:185,_applyPercentage
FNF:15
FNH:13
FNDA:220,_loadUser1
FNDA:120,getUserOption
FNDA:0,getUserOptions
FNDA:1,areEliminated
FNDA:0,areRefunded
FNDA:140,getPassedUnlocksCount
FNDA:20,getUserInfo
FNDA:20,getUserTotalUnlocked
FNDA:20,getUserTotalClaimed
FNDA:20,getUserUpcomingClaimable
FNDA:20,getUserVested
FNDA:20,getUserMinClaimable
FNDA:20,getUserMaxClaimable
FNDA:79,_applyBaseFee
FNDA:158,_applyPercentage
DA:10,220
DA:17,220
DA:18,220
DA:19,220
DA:20,220
DA:24,120
DA:25,120
DA:30,0
DA:31,0
DA:32,0
DA:37,1
DA:38,1
DA:39,2
DA:40,2
DA:45,0
DA:46,0
DA:47,0
DA:48,0
DA:53,140
DA:54,140
DA:70,20
DA:71,20
DA:72,20
DA:73,20
DA:74,20
DA:75,20
DA:77,20
DA:78,20
DA:79,14
DA:84,20
DA:85,20
DA:87,20
DA:88,20
DA:89,18
DA:91,18
DA:93,18
DA:94,11
DA:97,18
DA:98,18
DA:102,20
DA:103,20
DA:105,20
DA:106,20
DA:108,18
DA:109,18
DA:110,11
DA:111,11
DA:113,7
DA:118,20
DA:119,20
DA:121,20
DA:122,20
DA:123,14
DA:125,14
DA:126,14
DA:127,7
DA:129,7
DA:130,7
DA:135,20
DA:136,20
DA:138,20
DA:139,20
DA:140,14
DA:142,14
DA:143,14
DA:144,7
DA:146,7
DA:147,7
DA:152,20
DA:153,20
DA:155,20
DA:156,20
DA:157,18
DA:159,18
DA:160,18
DA:161,18
DA:162,18
DA:163,18
DA:167,20
DA:168,20
DA:170,20
DA:171,20
DA:172,18
DA:174,18
DA:175,18
DA:176,18
DA:177,18
DA:178,18
DA:182,79
DA:186,158
LF:90
LH:83
BRDA:24,1,0,120
BRDA:24,1,1,0
BRDA:53,2,0,140
BRDA:53,2,1,0
BRDA:78,3,0,14
BRDA:78,3,1,6
BRDA:85,4,0,20
BRDA:85,4,1,0
BRDA:88,5,0,2
BRDA:88,5,1,18
BRDA:93,6,0,11
BRDA:93,6,1,7
BRDA:103,7,0,20
BRDA:103,7,1,0
BRDA:106,8,0,2
BRDA:106,8,1,18
BRDA:109,9,0,11
BRDA:109,9,1,7
BRDA:119,10,0,20
BRDA:119,10,1,0
BRDA:122,11,0,6
BRDA:122,11,1,14
BRDA:123,12,0,12
BRDA:123,12,1,2
BRDA:126,13,0,7
BRDA:126,13,1,7
BRDA:136,14,0,20
BRDA:136,14,1,0
BRDA:139,15,0,6
BRDA:139,15,1,14
BRDA:140,16,0,12
BRDA:140,16,1,2
BRDA:143,17,0,7
BRDA:143,17,1,7
BRDA:153,18,0,20
BRDA:153,18,1,0
BRDA:156,19,0,2
BRDA:156,19,1,18
BRDA:160,20,0,11
BRDA:160,20,1,7
BRDA:161,21,0,11
BRDA:161,21,1,7
BRDA:168,22,0,20
BRDA:168,22,1,0
BRDA:171,23,0,2
BRDA:171,23,1,18
BRDA:175,24,0,11
BRDA:175,24,1,7
BRDA:176,25,0,11
BRDA:176,25,1,7
BRF:50
BRH:42
end_of_record
